SQLSTATE[42000]: Syntax error or access violation: 1064 You have an error in your SQL syntax; check the manual that corresponds to your MariaDB server version for the right syntax to use near 'WHERE `teacher_id` = 2 
                AND (`class_title` LIKE '%%' 
     ...' at line 13SQLSTATE[42000]: Syntax error or access violation: 1064 You have an error in your SQL syntax; check the manual that corresponds to your MariaDB server version for the right syntax to use near 'WHERE `teacher_id` = 2 
                AND (`class_title` LIKE '%math%' 
 ...' at line 13SQLSTATE[42000]: Syntax error or access violation: 1064 You have an error in your SQL syntax; check the manual that corresponds to your MariaDB server version for the right syntax to use near 'WHERE `teacher_id` = 2 
                AND (`class_title` LIKE '%maths%' 
...' at line 13SQLSTATE[42000]: Syntax error or access violation: 1064 You have an error in your SQL syntax; check the manual that corresponds to your MariaDB server version for the right syntax to use near 'WHERE `teacher_id` = 2 
                AND (`class_title` LIKE '%Math%' 
 ...' at line 13SQLSTATE[42S22]: Column not found: 1054 Unknown column 'teacher_id' in 'where clause'SQLSTATE[42S22]: Column not found: 1054 Unknown column 'teacher_id' in 'where clause'SQLSTATE[42S22]: Column not found: 1054 Unknown column 'teacher_id' in 'where clause'SQLSTATE[42S22]: Column not found: 1054 Unknown column 'teacher_id' in 'where clause'SQLSTATE[42S22]: Column not found: 1054 Unknown column 'teacher_id' in 'where clause'SQLSTATE[42S22]: Column not found: 1054 Unknown column 'teacher_id' in 'where clause'SQLSTATE[42S22]: Column not found: 1054 Unknown column 'teacher_id' in 'where clause'SQLSTATE[42S22]: Column not found: 1054 Unknown column 'teacher_id' in 'where clause'SQLSTATE[42S22]: Column not found: 1054 Unknown column 'teacher_id' in 'where clause'SQLSTATE[42S22]: Column not found: 1054 Unknown column 'teacher_id' in 'where clause'SQLSTATE[42S22]: Column not found: 1054 Unknown column 'teacher_id' in 'where clause'SQLSTATE[42S22]: Column not found: 1054 Unknown column 'teacher_id' in 'where clause'SQLSTATE[42S22]: Column not found: 1054 Unknown column 'teacher_id' in 'field list'SQLSTATE[42000]: Syntax error or access violation: 1064 You have an error in your SQL syntax; check the manual that corresponds to your MariaDB server version for the right syntax to use near 'WHERE `teacher_id` = 2 
                AND (`class_title` LIKE '%Math%' 
 ...' at line 13SQLSTATE[42000]: Syntax error or access violation: 1064 You have an error in your SQL syntax; check the manual that corresponds to your MariaDB server version for the right syntax to use near 'WHERE `teacher_id` = 2 
                AND (`class_title` LIKE '%Math%' 
 ...' at line 13SQLSTATE[42000]: Syntax error or access violation: 1064 You have an error in your SQL syntax; check the manual that corresponds to your MariaDB server version for the right syntax to use near 'WHERE `teacher_id` = 2 
                AND (`class_title` LIKE '%Math%' 
 ...' at line 13SQLSTATE[42000]: Syntax error or access violation: 1064 You have an error in your SQL syntax; check the manual that corresponds to your MariaDB server version for the right syntax to use near 'WHERE `teacher_id` = 2 
                AND (`class_title` LIKE '%Math%' 
 ...' at line 13SQLSTATE[42000]: Syntax error or access violation: 1064 You have an error in your SQL syntax; check the manual that corresponds to your MariaDB server version for the right syntax to use near 'WHERE `teacher_id` = 2 
                AND (`class_title` LIKE '%Math%' 
 ...' at line 13SQLSTATE[42000]: Syntax error or access violation: 1064 You have an error in your SQL syntax; check the manual that corresponds to your MariaDB server version for the right syntax to use near 'WHERE `teacher_id` = 2 
                AND (`class_title` LIKE '%%' 
     ...' at line 13SQLSTATE[42000]: Syntax error or access violation: 1064 You have an error in your SQL syntax; check the manual that corresponds to your MariaDB server version for the right syntax to use near 'WHERE `teacher_id` = 2 
                AND (`class_title` LIKE '%Math%' 
 ...' at line 13SQLSTATE[42000]: Syntax error or access violation: 1064 You have an error in your SQL syntax; check the manual that corresponds to your MariaDB server version for the right syntax to use near 'WHERE `c.teacher_id` = 2 
                AND (`c.class_title` LIKE '%Math%'...' at line 13SQLSTATE[42000]: Syntax error or access violation: 1064 You have an error in your SQL syntax; check the manual that corresponds to your MariaDB server version for the right syntax to use near 'WHERE `c.teacher_id` = 2 
                AND (`c.class_title` LIKE '%Math%'...' at line 13SQLSTATE[42000]: Syntax error or access violation: 1064 You have an error in your SQL syntax; check the manual that corresponds to your MariaDB server version for the right syntax to use near 'WHERE `c.teacher_id` = 2 
                AND (`c.class_title` LIKE '%intere...' at line 13SQLSTATE[42000]: Syntax error or access violation: 1064 You have an error in your SQL syntax; check the manual that corresponds to your MariaDB server version for the right syntax to use near 'WHERE `c.teacher_id` = 2 
                AND (`c.class_title` LIKE '%intere...' at line 13SQLSTATE[42000]: Syntax error or access violation: 1064 You have an error in your SQL syntax; check the manual that corresponds to your MariaDB server version for the right syntax to use near 'WHERE `c.teacher_id` = 2 
                AND (`c.class_title` LIKE '%intere...' at line 13SQLSTATE[42S22]: Column not found: 1054 Unknown column 'c.teacher_id' in 'where clause'SQLSTATE[42000]: Syntax error or access violation: 1064 You have an error in your SQL syntax; check the manual that corresponds to your MariaDB server version for the right syntax to use near 'GROUP BY 
              c.class_id' at line 16SQLSTATE[42000]: Syntax error or access violation: 1064 You have an error in your SQL syntax; check the manual that corresponds to your MariaDB server version for the right syntax to use near 'GROUP BY 
              c.class_id' at line 16SQLSTATE[42000]: Syntax error or access violation: 1064 You have an error in your SQL syntax; check the manual that corresponds to your MariaDB server version for the right syntax to use near 'GROUP BY 
              c.class_id' at line 16SQLSTATE[42000]: Syntax error or access violation: 1064 You have an error in your SQL syntax; check the manual that corresponds to your MariaDB server version for the right syntax to use near 'GROUP BY 
              c.class_id' at line 16SQLSTATE[42000]: Syntax error or access violation: 1064 You have an error in your SQL syntax; check the manual that corresponds to your MariaDB server version for the right syntax to use near 'GROUP BY 
              c.class_id' at line 16SQLSTATE[42S22]: Column not found: 1054 Unknown column 'c.teacher_id' in 'where clause'SQLSTATE[42S22]: Column not found: 1054 Unknown column 'c.teacher_id' in 'where clause'SQLSTATE[42S22]: Column not found: 1054 Unknown column 'c.class_title' in 'where clause'SQLSTATE[42S22]: Column not found: 1054 Unknown column 'c.teacher_id' in 'where clause'SQLSTATE[42S22]: Column not found: 1054 Unknown column 'c.teacher_id' in 'where clause'SQLSTATE[42000]: Syntax error or access violation: 1064 You have an error in your SQL syntax; check the manual that corresponds to your MariaDB server version for the right syntax to use near '` = 2 
                AND (`c.class_title` LIKE '%Math%' 
                ...' at line 13SQLSTATE[42000]: Syntax error or access violation: 1064 You have an error in your SQL syntax; check the manual that corresponds to your MariaDB server version for the right syntax to use near '`c.class_title` LIKE '%Math%' 
                  OR `c.Class_description` LI...' at line 13SQLSTATE[42000]: Syntax error or access violation: 1064 You have an error in your SQL syntax; check the manual that corresponds to your MariaDB server version for the right syntax to use near '`c.class_title` LIKE '%Math%' 
                  OR `c.Class_description` LI...' at line 13SQLSTATE[42000]: Syntax error or access violation: 1064 You have an error in your SQL syntax; check the manual that corresponds to your MariaDB server version for the right syntax to use near '`c.class_title` LIKE '%Math%' 
                  OR `c.Class_description` LI...' at line 13SQLSTATE[42S22]: Column not found: 1054 Unknown column 'c.class_title' in 'where clause'SQLSTATE[42S22]: Column not found: 1054 Unknown column 'ClassTitle' in 'where clause'SQLSTATE[42S22]: Column not found: 1054 Unknown column 'c.class_title' in 'where clause'SQLSTATE[42000]: Syntax error or access violation: 1064 You have an error in your SQL syntax; check the manual that corresponds to your MariaDB server version for the right syntax to use near 'GROUP BY 
              c.class_id' at line 19SQLSTATE[42000]: Syntax error or access violation: 1064 You have an error in your SQL syntax; check the manual that corresponds to your MariaDB server version for the right syntax to use near 'GROUP BY 
              c.class_id' at line 19SQLSTATE[42000]: Syntax error or access violation: 1064 You have an error in your SQL syntax; check the manual that corresponds to your MariaDB server version for the right syntax to use near 'GROUP BY 
              c.class_id' at line 19SQLSTATE[42000]: Syntax error or access violation: 1064 You have an error in your SQL syntax; check the manual that corresponds to your MariaDB server version for the right syntax to use near 'GROUP BY 
              c.class_id' at line 19